Arguments: 
  C:\Program Files\nodejs\node.exe C:\Program Files\nodejs\node_modules\yarn\bin\yarn.js add @babel/core

PATH: 
  C:\Users\mingrui\AppData\Roaming\Python\Python39;C:\ProgramData\Oracle\Java\javapath;C:\Windows\system32;C:\Windows;C:\Windows\System32\Wbem;C:\Windows\System32\WindowsPowerShell\v1.0\;C:\Windows\System32\OpenSSH\;C:\Program Files (x86)\NVIDIA Corporation\PhysX\Common;C:\Program Files\NVIDIA Corporation\NVIDIA NvDLISR;C:\Users\mingrui\node_modules\yarn\bin;C:\Users\mingrui\AppData\Local\Yarn\bin;C:\Program Files\Java\jdk1.8.0_73\bin;C:\Program Files\Java\jdk1.8.0_73\jre\bin;Z:\weknow\weknow\apache-maven-3.3.9-bin\apache-maven-3.3.9\bin;C:\WINDOWS\system32;C:\WINDOWS;C:\WINDOWS\System32\Wbem;C:\WINDOWS\System32\WindowsPowerShell\v1.0\;C:\WINDOWS\System32\OpenSSH\;C:\Program Files\Git\cmd;Z:\办公\Microsoft VS Code\bin;Z:\办公\微信web开发者工具\dll;C:\Program Files\dotnet\;C:\Program Files\OpenSSL-Win64\bin;C:\Users\mingrui\AppData\Roaming\nvm;C:\Program Files\nodejs;C:\Program Files\PostgreSQL\11\bin;C:\Projects\emsdk;C:\Projects\emsdk\upstream\emscripten;C:\Program Files\LLVM\bin;C:\Program Files\xmake;C:\MinGW\bin;C:\msys64\usr\bin;C:\ProgramData\Anaconda3;C:\ProgramData\Anaconda3\Library\mingw-w64\bin;C:\ProgramData\Anaconda3\Library\usr\bin;C:\ProgramData\Anaconda3\Library\bin;C:\ProgramData\Anaconda3\Scripts;C:\Program Files\Tesseract-OCR;Z:\办公\;C:\Program Files\Docker\Docker\resources\bin;C:\Program Files\MuseScore 4\bin;C:\Program Files\TortoiseSVN\bin;C:\Users\mingrui\AppData\Roaming\Python\Python39;C:\Users\mingrui\scoop\shims;C:\Users\mingrui\AppData\Local\Programs\Python\Python38\Scripts\;C:\Users\mingrui\AppData\Local\Programs\Python\Python38\;C:\ProgramData\Oracle\Java\javapath;C:\Windows\system32;C:\Windows;C:\Windows\System32\Wbem;C:\Windows\System32\WindowsPowerShell\v1.0\;C:\Windows\System32\OpenSSH\;C:\Program Files (x86)\NVIDIA Corporation\PhysX\Common;C:\Program Files\NVIDIA Corporation\NVIDIA NvDLISR;C:\Users\mingrui\node_modules\yarn\bin;C:\Users\mingrui\AppData\Local\Yarn\bin;C:\Program Files\Java\jdk1.8.0_73\bin;C:\Program Files\Java\jdk1.8.0_73\jre\bin;Z:\weknow\weknow\apache-maven-3.3.9-bin\apache-maven-3.3.9\bin;C:\WINDOWS\system32;C:\WINDOWS;C:\WINDOWS\System32\Wbem;C:\WINDOWS\System32\WindowsPowerShell\v1.0\;C:\WINDOWS\System32\OpenSSH\;C:\Program Files\Git\cmd;Z:\办公\Microsoft VS Code\bin;Z:\办公\微信web开发者工具\dll;C:\Program Files\Docker\Docker\resources\bin;C:\ProgramData\DockerDesktop\version-bin;C:\Program Files\dotnet\;C:\Program Files\OpenSSL-Win64\bin;C:\Users\mingrui\AppData\Roaming\nvm;C:\Program Files\nodejs;C:\Program Files\PostgreSQL\11\bin;C:\Projects\emsdk;C:\Projects\emsdk\upstream\e;C:\Program Files\Microsoft Visual Studio\2022\Community\VC\Tools\MSVC\14.35.32215\bin\HostX64\x64;C:\Program Files (x86)\Windows Kits\10\bin\10.0.17763.0\x64;C:\Program Files\Microsoft Visual Studio\2022\Community\Common7\IDE\CommonExtensions\Microsoft\CMake\CMake\bin;C:\MinGW\bin;C:\Projects\emsdk\upstream\emscripten;C:\msys64\usr\bin;C:\ProgramData\Anaconda3;C:\ProgramData\Anaconda3\Library\mingw-w64\bin;C:\ProgramData\Anaconda3\Library\usr\bin;C:\ProgramData\Anaconda3\Library\bin;C:\ProgramData\Anaconda3\Scripts;C:\Program Files\Tesseract-OCR;C:\Users\mingrui\AppData\Local\Microsoft\WindowsApps;C:\Program Files\MuseScore 4\bin;

Yarn version: 
  1.22.19

Node version: 
  16.14.2

Platform: 
  win32 x64

Trace: 
  Error: EEXIST: file already exists, mkdir 'X:\test\vscode\plugins-interface\node_modules\mocha\node_modules\glob\node_modules'

npm manifest: 
  {
    "name": "plugins-interface",
    "displayName": "plugins_interface",
    "description": "LEAVE BLANK",
    "version": "0.0.1",
    "engines": {
      "vscode": "^1.78.0"
    },
    "categories": [
      "Other"
    ],
    "activationEvents": [],
    "main": "./dist/extension.js",
    "contributes": {
      "commands": [
        {
          "command": "plugins-interface.helloWorld",
          "title": "Hello World"
        }
      ]
    },
    "scripts": {
      "vscode:prepublish": "pnpm run package",
      "compile": "webpack",
      "watch": "webpack --watch",
      "package": "webpack --mode production --devtool hidden-source-map",
      "compile-tests": "tsc -p . --outDir out",
      "watch-tests": "tsc -p . -w --outDir out",
      "pretest": "pnpm run compile-tests && pnpm run compile && pnpm run lint",
      "lint": "eslint src --ext ts",
      "test": "node ./out/test/runTest.js"
    },
    "devDependencies": {
      "@types/vscode": "^1.84.0",
      "@types/mocha": "^10.0.3",
      "@types/node": "18.x",
      "@typescript-eslint/eslint-plugin": "^6.9.0",
      "@typescript-eslint/parser": "^6.9.0",
      "eslint": "^8.52.0",
      "glob": "^10.3.10",
      "mocha": "^10.2.0",
      "typescript": "^5.2.2",
      "ts-loader": "^9.5.0",
      "webpack": "^5.89.0",
      "webpack-cli": "^5.1.4",
      "@vscode/test-electron": "^2.3.6"
    }
  }

yarn manifest: 
  No manifest

Lockfile: 
  No lockfile
